Beginning search.

    Using feature(s) [1] accuracy is  70.8%
    Using feature(s) [2] accuracy is  69.3%
    Using feature(s) [3] accuracy is  70.5%
    Using feature(s) [4] accuracy is  71.1%
    Using feature(s) [5] accuracy is  71.0%
    Using feature(s) [6] accuracy is  85.1%
    Using feature(s) [7] accuracy is  69.9%
    Using feature(s) [8] accuracy is  70.6%
    Using feature(s) [9] accuracy is  69.8%
    Using feature(s) [10] accuracy is  71.0%
    Using feature(s) [11] accuracy is  69.3%
    Using feature(s) [12] accuracy is  70.0%
    Using feature(s) [13] accuracy is  69.4%
    Using feature(s) [14] accuracy is  69.1%
    Using feature(s) [15] accuracy is  70.0%
    Using feature(s) [16] accuracy is  69.0%
    Using feature(s) [17] accuracy is  70.6%
    Using feature(s) [18] accuracy is  69.0%
    Using feature(s) [19] accuracy is  70.3%
    Using feature(s) [20] accuracy is  70.8%
    Using feature(s) [21] accuracy is  70.4%
    Using feature(s) [22] accuracy is  69.6%
    Using feature(s) [23] accuracy is  69.9%
    Using feature(s) [24] accuracy is  69.6%
    Using feature(s) [25] accuracy is  70.1%
    Using feature(s) [26] accuracy is  69.7%
    Using feature(s) [27] accuracy is  70.6%
    Using feature(s) [28] accuracy is  70.2%
    Using feature(s) [29] accuracy is  70.9%
    Using feature(s) [30] accuracy is  70.0%
    Using feature(s) [31] accuracy is  70.9%
    Using feature(s) [32] accuracy is  71.6%
    Using feature(s) [33] accuracy is  70.4%
    Using feature(s) [34] accuracy is  70.8%
    Using feature(s) [35] accuracy is  70.4%
    Using feature(s) [36] accuracy is  70.3%
    Using feature(s) [37] accuracy is  69.9%
    Using feature(s) [38] accuracy is  70.4%
    Using feature(s) [39] accuracy is  70.5%
    Using feature(s) [40] accuracy is  69.8%
    Using feature(s) [41] accuracy is  70.1%
    Using feature(s) [42] accuracy is  70.8%
    Using feature(s) [43] accuracy is  74.4%
    Using feature(s) [44] accuracy is  69.9%
    Using feature(s) [45] accuracy is  70.2%
    Using feature(s) [46] accuracy is  70.0%
    Using feature(s) [47] accuracy is  69.6%
    Using feature(s) [48] accuracy is  69.8%
    Using feature(s) [49] accuracy is  70.4%
    Using feature(s) [50] accuracy is  70.7%

Feature set [6] was best, accuracy is  85.1%

    Using feature(s) [6, 1] accuracy is  83.6%
    Using feature(s) [6, 2] accuracy is  83.9%
    Using feature(s) [6, 3] accuracy is  84.7%
    Using feature(s) [6, 4] accuracy is  84.1%
    Using feature(s) [6, 5] accuracy is  84.3%
    Using feature(s) [6, 7] accuracy is  84.2%
    Using feature(s) [6, 8] accuracy is  84.1%
    Using feature(s) [6, 9] accuracy is  84.0%
    Using feature(s) [6, 10] accuracy is  84.2%
    Using feature(s) [6, 11] accuracy is  83.9%
    Using feature(s) [6, 12] accuracy is  84.9%
    Using feature(s) [6, 13] accuracy is  85.0%
    Using feature(s) [6, 14] accuracy is  84.2%
    Using feature(s) [6, 15] accuracy is  84.1%
    Using feature(s) [6, 16] accuracy is  84.4%
    Using feature(s) [6, 17] accuracy is  84.5%
    Using feature(s) [6, 18] accuracy is  83.9%
    Using feature(s) [6, 19] accuracy is  83.7%
    Using feature(s) [6, 20] accuracy is  84.4%
    Using feature(s) [6, 21] accuracy is  82.9%
    Using feature(s) [6, 22] accuracy is  84.3%
    Using feature(s) [6, 23] accuracy is  84.0%
    Using feature(s) [6, 24] accuracy is  83.6%
    Using feature(s) [6, 25] accuracy is  83.9%
    Using feature(s) [6, 26] accuracy is  85.3%
    Using feature(s) [6, 27] accuracy is  84.5%
    Using feature(s) [6, 28] accuracy is  84.5%
    Using feature(s) [6, 29] accuracy is  84.6%
    Using feature(s) [6, 30] accuracy is  84.3%
    Using feature(s) [6, 31] accuracy is  84.2%
    Using feature(s) [6, 32] accuracy is  84.2%
    Using feature(s) [6, 33] accuracy is  84.3%
    Using feature(s) [6, 34] accuracy is  84.0%
    Using feature(s) [6, 35] accuracy is  84.8%
    Using feature(s) [6, 36] accuracy is  84.3%
    Using feature(s) [6, 37] accuracy is  85.0%
    Using feature(s) [6, 38] accuracy is  85.6%
    Using feature(s) [6, 39] accuracy is  84.7%
    Using feature(s) [6, 40] accuracy is  84.5%
    Using feature(s) [6, 41] accuracy is  84.1%
    Using feature(s) [6, 42] accuracy is  85.1%
    Using feature(s) [6, 43] accuracy is  97.5%
    Using feature(s) [6, 44] accuracy is  83.4%
    Using feature(s) [6, 45] accuracy is  85.1%
    Using feature(s) [6, 46] accuracy is  83.8%
    Using feature(s) [6, 47] accuracy is  83.5%
    Using feature(s) [6, 48] accuracy is  84.4%
    Using feature(s) [6, 49] accuracy is  83.8%
    Using feature(s) [6, 50] accuracy is  84.9%

Feature set [6, 43] was best, accuracy is  97.5%

    Using feature(s) [6, 43, 1] accuracy is  95.5%
    Using feature(s) [6, 43, 2] accuracy is  95.3%
    Using feature(s) [6, 43, 3] accuracy is  95.7%
    Using feature(s) [6, 43, 4] accuracy is  95.2%
    Using feature(s) [6, 43, 5] accuracy is  95.3%
    Using feature(s) [6, 43, 7] accuracy is  95.3%
    Using feature(s) [6, 43, 8] accuracy is  95.9%
    Using feature(s) [6, 43, 9] accuracy is  95.0%
    Using feature(s) [6, 43, 10] accuracy is  95.2%
    Using feature(s) [6, 43, 11] accuracy is  95.4%
    Using feature(s) [6, 43, 12] accuracy is  95.4%
    Using feature(s) [6, 43, 13] accuracy is  95.4%
    Using feature(s) [6, 43, 14] accuracy is  94.9%
    Using feature(s) [6, 43, 15] accuracy is  95.7%
    Using feature(s) [6, 43, 16] accuracy is  95.5%
    Using feature(s) [6, 43, 17] accuracy is  95.6%
    Using feature(s) [6, 43, 18] accuracy is  95.1%
    Using feature(s) [6, 43, 19] accuracy is  95.3%
    Using feature(s) [6, 43, 20] accuracy is  95.2%
    Using feature(s) [6, 43, 21] accuracy is  95.6%
    Using feature(s) [6, 43, 22] accuracy is  95.7%
    Using feature(s) [6, 43, 23] accuracy is  95.3%
    Using feature(s) [6, 43, 24] accuracy is  94.9%
    Using feature(s) [6, 43, 25] accuracy is  95.1%
    Using feature(s) [6, 43, 26] accuracy is  95.4%
    Using feature(s) [6, 43, 27] accuracy is  95.8%
    Using feature(s) [6, 43, 28] accuracy is  95.1%
    Using feature(s) [6, 43, 29] accuracy is  95.0%
    Using feature(s) [6, 43, 30] accuracy is  95.4%
    Using feature(s) [6, 43, 31] accuracy is  95.6%
    Using feature(s) [6, 43, 32] accuracy is  95.3%
    Using feature(s) [6, 43, 33] accuracy is  95.2%
    Using feature(s) [6, 43, 34] accuracy is  95.4%
    Using feature(s) [6, 43, 35] accuracy is  95.6%
    Using feature(s) [6, 43, 36] accuracy is  95.0%
    Using feature(s) [6, 43, 37] accuracy is  95.7%
    Using feature(s) [6, 43, 38] accuracy is  96.6%
    Using feature(s) [6, 43, 39] accuracy is  95.7%
    Using feature(s) [6, 43, 40] accuracy is  95.7%
    Using feature(s) [6, 43, 41] accuracy is  95.6%
    Using feature(s) [6, 43, 42] accuracy is  95.5%
    Using feature(s) [6, 43, 44] accuracy is  95.5%
    Using feature(s) [6, 43, 45] accuracy is  95.8%
    Using feature(s) [6, 43, 46] accuracy is  95.0%
    Using feature(s) [6, 43, 47] accuracy is  95.2%
    Using feature(s) [6, 43, 48] accuracy is  95.3%
    Using feature(s) [6, 43, 49] accuracy is  95.4%
    Using feature(s) [6, 43, 50] accuracy is  95.6%

(WARNING, Accuracy has decreased! Continuing search in case of local maximum)
Considering improvement threshold....

Finished search!! The best feature subset is [6, 43], which has accuracy of  97.5%
forward_selection cost time: 5839.898 s
